# JRE version: OpenJDK Runtime Environment (8.0_212-b04) (build 1.8.0_212-release-1586-b04)
# Java VM: OpenJDK 64-Bit Server VM (25.212-b04 mixed mode windows-amd64 compressed oops)
Heap:
 PSYoungGen      total 38400K, used 30504K [0x00000000d5e00000, 0x00000000d8880000, 0x0000000100000000)
  eden space 33280K, 91% used [0x00000000d5e00000,0x00000000d7bca0f0,0x00000000d7e80000)
  from space 5120K, 0% used [0x00000000d8380000,0x00000000d8380000,0x00000000d8880000)
  to   space 5120K, 0% used [0x00000000d7e80000,0x00000000d7e80000,0x00000000d8380000)
 ParOldGen       total 66048K, used 19167K [0x0000000081a00000, 0x0000000085a80000, 0x00000000d5e00000)
  object space 66048K, 29% used [0x0000000081a00000,0x0000000082cb7cf8,0x0000000085a80000)
 Metaspace       used 36372K, capacity 36917K, committed 37376K, reserved 1081344K
  class space    used 4648K, capacity 4778K, committed 4864K, reserved 1048576K
GC Heap History (10 events):
Event: 1.471 GC heap before
{Heap before GC invocations=4 (full 1):
 PSYoungGen      total 38400K, used 5106K [0x00000000d5e00000, 0x00000000d8880000, 0x0000000100000000)
  eden space 33280K, 0% used [0x00000000d5e00000,0x00000000d5e00000,0x00000000d7e80000)
  from space 5120K, 99% used [0x00000000d7e80000,0x00000000d837c910,0x00000000d8380000)
  to   space 5120K, 0% used [0x00000000d8380000,0x00000000d8380000,0x00000000d8880000)
 ParOldGen       total 87552K, used 11590K [0x0000000081a00000, 0x0000000086f80000, 0x00000000d5e00000)
  object space 87552K, 13% used [0x0000000081a00000,0x0000000082551bd8,0x0000000086f80000)
 Metaspace       used 20778K, capacity 21158K, committed 21296K, reserved 1069056K
  class space    used 2469K, capacity 2629K, committed 2688K, reserved 1048576K
Event: 1.499 GC heap after
Heap after GC invocations=4 (full 1):
 PSYoungGen      total 38400K, used 0K [0x00000000d5e00000, 0x00000000d8880000, 0x0000000100000000)
  eden space 33280K, 0% used [0x00000000d5e00000,0x00000000d5e00000,0x00000000d7e80000)
  from space 5120K, 0% used [0x00000000d7e80000,0x00000000d7e80000,0x00000000d8380000)
  to   space 5120K, 0% used [0x00000000d8380000,0x00000000d8380000,0x00000000d8880000)
 ParOldGen       total 66048K, used 8714K [0x0000000081a00000, 0x0000000085a80000, 0x00000000d5e00000)
  object space 66048K, 13% used [0x0000000081a00000,0x0000000082282b68,0x0000000085a80000)
 Metaspace       used 20778K, capacity 21158K, committed 21296K, reserved 1069056K
  class space    used 2469K, capacity 2629K, committed 2688K, reserved 1048576K
}
Event: 4.887 GC heap before
{Heap before GC invocations=5 (full 1):
 PSYoungGen      total 38400K, used 33280K [0x00000000d5e00000, 0x00000000d8880000, 0x0000000100000000)
  eden space 33280K, 100% used [0x00000000d5e00000,0x00000000d7e80000,0x00000000d7e80000)
  from space 5120K, 0% used [0x00000000d7e80000,0x00000000d7e80000,0x00000000d8380000)
  to   space 5120K, 0% used [0x00000000d8380000,0x00000000d8380000,0x00000000d8880000)
 ParOldGen       total 66048K, used 8714K [0x0000000081a00000, 0x0000000085a80000, 0x00000000d5e00000)
  object space 66048K, 13% used [0x0000000081a00000,0x0000000082282b68,0x0000000085a80000)
 Metaspace       used 24538K, capacity 24988K, committed 25216K, reserved 1071104K
  class space    used 2932K, capacity 3114K, committed 3200K, reserved 1048576K
Event: 4.891 GC heap after
Heap after GC invocations=5 (full 1):
 PSYoungGen      total 38400K, used 5088K [0x00000000d5e00000, 0x00000000d8880000, 0x0000000100000000)
  eden space 33280K, 0% used [0x00000000d5e00000,0x00000000d5e00000,0x00000000d7e80000)
  from space 5120K, 99% used [0x00000000d8380000,0x00000000d88783c8,0x00000000d8880000)
  to   space 5120K, 0% used [0x00000000d7e80000,0x00000000d7e80000,0x00000000d8380000)
 ParOldGen       total 66048K, used 11483K [0x0000000081a00000, 0x0000000085a80000, 0x00000000d5e00000)
  object space 66048K, 17% used [0x0000000081a00000,0x0000000082536f58,0x0000000085a80000)
 Metaspace       used 24538K, capacity 24988K, committed 25216K, reserved 1071104K
  class space    used 2932K, capacity 3114K, committed 3200K, reserved 1048576K
}
Event: 5.330 GC heap before
{Heap before GC invocations=6 (full 1):
 PSYoungGen      total 38400K, used 38368K [0x00000000d5e00000, 0x00000000d8880000, 0x0000000100000000)
  eden space 33280K, 100% used [0x00000000d5e00000,0x00000000d7e80000,0x00000000d7e80000)
  from space 5120K, 99% used [0x00000000d8380000,0x00000000d88783c8,0x00000000d8880000)
  to   space 5120K, 0% used [0x00000000d7e80000,0x00000000d7e80000,0x00000000d8380000)
 ParOldGen       total 66048K, used 11483K [0x0000000081a00000, 0x0000000085a80000, 0x00000000d5e00000)
  object space 66048K, 17% used [0x0000000081a00000,0x0000000082536f58,0x0000000085a80000)
 Metaspace       used 30730K, capacity 31257K, committed 31488K, reserved 1077248K
  class space    used 3929K, capacity 4081K, committed 4096K, reserved 1048576K
Event: 5.338 GC heap after
Heap after GC invocations=6 (full 1):
 PSYoungGen      total 38400K, used 5090K [0x00000000d5e00000, 0x00000000d8880000, 0x0000000100000000)
  eden space 33280K, 0% used [0x00000000d5e00000,0x00000000d5e00000,0x00000000d7e80000)
  from space 5120K, 99% used [0x00000000d7e80000,0x00000000d8378918,0x00000000d8380000)
  to   space 5120K, 0% used [0x00000000d8380000,0x00000000d8380000,0x00000000d8880000)
 ParOldGen       total 66048K, used 19941K [0x0000000081a00000, 0x0000000085a80000, 0x00000000d5e00000)
  object space 66048K, 30% used [0x0000000081a00000,0x0000000082d79448,0x0000000085a80000)
 Metaspace       used 30730K, capacity 31257K, committed 31488K, reserved 1077248K
  class space    used 3929K, capacity 4081K, committed 4096K, reserved 1048576K
}
Event: 5.725 GC heap before
{Heap before GC invocations=7 (full 1):
 PSYoungGen      total 38400K, used 25044K [0x00000000d5e00000, 0x00000000d8880000, 0x0000000100000000)
  eden space 33280K, 59% used [0x00000000d5e00000,0x00000000d717c748,0x00000000d7e80000)
  from space 5120K, 99% used [0x00000000d7e80000,0x00000000d8378918,0x00000000d8380000)
  to   space 5120K, 0% used [0x00000000d8380000,0x00000000d8380000,0x00000000d8880000)
 ParOldGen       total 66048K, used 19941K [0x0000000081a00000, 0x0000000085a80000, 0x00000000d5e00000)
  object space 66048K, 30% used [0x0000000081a00000,0x0000000082d79448,0x0000000085a80000)
 Metaspace       used 34694K, capacity 35183K, committed 35456K, reserved 1079296K
  class space    used 4504K, capacity 4650K, committed 4736K, reserved 1048576K
Event: 5.731 GC heap after
Heap after GC invocations=7 (full 1):
 PSYoungGen      total 38400K, used 5099K [0x00000000d5e00000, 0x00000000d8880000, 0x0000000100000000)
  eden space 33280K, 0% used [0x00000000d5e00000,0x00000000d5e00000,0x00000000d7e80000)
  from space 5120K, 99% used [0x00000000d8380000,0x00000000d887add8,0x00000000d8880000)
  to   space 5120K, 0% used [0x00000000d7e80000,0x00000000d7e80000,0x00000000d8380000)
 ParOldGen       total 66048K, used 25761K [0x0000000081a00000, 0x0000000085a80000, 0x00000000d5e00000)
  object space 66048K, 39% used [0x0000000081a00000,0x0000000083328460,0x0000000085a80000)
 Metaspace       used 34694K, capacity 35183K, committed 35456K, reserved 1079296K
  class space    used 4504K, capacity 4650K, committed 4736K, reserved 1048576K
}
Event: 5.731 GC heap before
{Heap before GC invocations=8 (full 2):
 PSYoungGen      total 38400K, used 5099K [0x00000000d5e00000, 0x00000000d8880000, 0x0000000100000000)
  eden space 33280K, 0% used [0x00000000d5e00000,0x00000000d5e00000,0x00000000d7e80000)
  from space 5120K, 99% used [0x00000000d8380000,0x00000000d887add8,0x00000000d8880000)
  to   space 5120K, 0% used [0x00000000d7e80000,0x00000000d7e80000,0x00000000d8380000)
 ParOldGen       total 66048K, used 25761K [0x0000000081a00000, 0x0000000085a80000, 0x00000000d5e00000)
  object space 66048K, 39% used [0x0000000081a00000,0x0000000083328460,0x0000000085a80000)
 Metaspace       used 34694K, capacity 35183K, committed 35456K, reserved 1079296K
  class space    used 4504K, capacity 4650K, committed 4736K, reserved 1048576K
Event: 5.783 GC heap after
Heap after GC invocations=8 (full 2):
 PSYoungGen      total 38400K, used 0K [0x00000000d5e00000, 0x00000000d8880000, 0x0000000100000000)
  eden space 33280K, 0% used [0x00000000d5e00000,0x00000000d5e00000,0x00000000d7e80000)
  from space 5120K, 0% used [0x00000000d8380000,0x00000000d8380000,0x00000000d8880000)
  to   space 5120K, 0% used [0x00000000d7e80000,0x00000000d7e80000,0x00000000d8380000)
 ParOldGen       total 66048K, used 19167K [0x0000000081a00000, 0x0000000085a80000, 0x00000000d5e00000)
  object space 66048K, 29% used [0x0000000081a00000,0x0000000082cb7cf8,0x0000000085a80000)
 Metaspace       used 34694K, capacity 35183K, committed 35456K, reserved 1079296K
  class space    used 4504K, capacity 4650K, committed 4736K, reserved 1048576K
}

