# JRE version: OpenJDK Runtime Environment (8.0_212-b04) (build 1.8.0_212-release-1586-b04)
# Java VM: OpenJDK 64-Bit Server VM (25.212-b04 mixed mode windows-amd64 compressed oops)
Heap:
 PSYoungGen      total 138240K, used 40688K [0x00000000e0000000, 0x00000000eaf80000, 0x0000000100000000)
  eden space 125440K, 22% used [0x00000000e0000000,0x00000000e1b7e090,0x00000000e7a80000)
  from space 12800K, 97% used [0x00000000e7d80000,0x00000000e89be0b0,0x00000000e8a00000)
  to   space 27136K, 0% used [0x00000000e9500000,0x00000000e9500000,0x00000000eaf80000)
 ParOldGen       total 140288K, used 55248K [0x00000000a0000000, 0x00000000a8900000, 0x00000000e0000000)
  object space 140288K, 39% used [0x00000000a0000000,0x00000000a35f4378,0x00000000a8900000)
 Metaspace       used 92776K, capacity 97428K, committed 97536K, reserved 1134592K
  class space    used 12374K, capacity 13213K, committed 13312K, reserved 1048576K
GC Heap History (10 events):
Event: 103.931 GC heap before
{Heap before GC invocations=22 (full 3):
 PSYoungGen      total 156160K, used 155689K [0x00000000e0000000, 0x00000000eb280000, 0x0000000100000000)
  eden space 139264K, 100% used [0x00000000e0000000,0x00000000e8800000,0x00000000e8800000)
  from space 16896K, 97% used [0x00000000e9a80000,0x00000000eaa8a508,0x00000000eab00000)
  to   space 18944K, 0% used [0x00000000e8800000,0x00000000e8800000,0x00000000e9a80000)
 ParOldGen       total 140288K, used 40465K [0x00000000a0000000, 0x00000000a8900000, 0x00000000e0000000)
  object space 140288K, 28% used [0x00000000a0000000,0x00000000a2784740,0x00000000a8900000)
 Metaspace       used 72900K, capacity 75420K, committed 75648K, reserved 1114112K
  class space    used 9535K, capacity 10085K, committed 10112K, reserved 1048576K
Event: 103.941 GC heap after
Heap after GC invocations=22 (full 3):
 PSYoungGen      total 158208K, used 18520K [0x00000000e0000000, 0x00000000ec180000, 0x0000000100000000)
  eden space 139264K, 0% used [0x00000000e0000000,0x00000000e0000000,0x00000000e8800000)
  from space 18944K, 97% used [0x00000000e8800000,0x00000000e9a161d0,0x00000000e9a80000)
  to   space 21504K, 0% used [0x00000000eac80000,0x00000000eac80000,0x00000000ec180000)
 ParOldGen       total 140288K, used 40473K [0x00000000a0000000, 0x00000000a8900000, 0x00000000e0000000)
  object space 140288K, 28% used [0x00000000a0000000,0x00000000a2786740,0x00000000a8900000)
 Metaspace       used 72900K, capacity 75420K, committed 75648K, reserved 1114112K
  class space    used 9535K, capacity 10085K, committed 10112K, reserved 1048576K
}
Event: 243.159 GC heap before
{Heap before GC invocations=23 (full 3):
 PSYoungGen      total 158208K, used 157784K [0x00000000e0000000, 0x00000000ec180000, 0x0000000100000000)
  eden space 139264K, 100% used [0x00000000e0000000,0x00000000e8800000,0x00000000e8800000)
  from space 18944K, 97% used [0x00000000e8800000,0x00000000e9a161d0,0x00000000e9a80000)
  to   space 21504K, 0% used [0x00000000eac80000,0x00000000eac80000,0x00000000ec180000)
 ParOldGen       total 140288K, used 40473K [0x00000000a0000000, 0x00000000a8900000, 0x00000000e0000000)
  object space 140288K, 28% used [0x00000000a0000000,0x00000000a2786740,0x00000000a8900000)
 Metaspace       used 76611K, capacity 79458K, committed 79744K, reserved 1118208K
  class space    used 10002K, capacity 10579K, committed 10624K, reserved 1048576K
Event: 243.178 GC heap after
Heap after GC invocations=23 (full 3):
 PSYoungGen      total 155648K, used 19935K [0x00000000e0000000, 0x00000000ec000000, 0x0000000100000000)
  eden space 135680K, 0% used [0x00000000e0000000,0x00000000e0000000,0x00000000e8480000)
  from space 19968K, 99% used [0x00000000eac80000,0x00000000ebff7f20,0x00000000ec000000)
  to   space 24064K, 0% used [0x00000000e9100000,0x00000000e9100000,0x00000000ea880000)
 ParOldGen       total 140288K, used 40481K [0x00000000a0000000, 0x00000000a8900000, 0x00000000e0000000)
  object space 140288K, 28% used [0x00000000a0000000,0x00000000a2788740,0x00000000a8900000)
 Metaspace       used 76611K, capacity 79458K, committed 79744K, reserved 1118208K
  class space    used 10002K, capacity 10579K, committed 10624K, reserved 1048576K
}
Event: 248.394 GC heap before
{Heap before GC invocations=24 (full 3):
 PSYoungGen      total 155648K, used 155615K [0x00000000e0000000, 0x00000000ec000000, 0x0000000100000000)
  eden space 135680K, 100% used [0x00000000e0000000,0x00000000e8480000,0x00000000e8480000)
  from space 19968K, 99% used [0x00000000eac80000,0x00000000ebff7f20,0x00000000ec000000)
  to   space 24064K, 0% used [0x00000000e9100000,0x00000000e9100000,0x00000000ea880000)
 ParOldGen       total 140288K, used 40481K [0x00000000a0000000, 0x00000000a8900000, 0x00000000e0000000)
  object space 140288K, 28% used [0x00000000a0000000,0x00000000a2788740,0x00000000a8900000)
 Metaspace       used 90667K, capacity 94730K, committed 94848K, reserved 1130496K
  class space    used 12099K, capacity 12874K, committed 12928K, reserved 1048576K
Event: 248.420 GC heap after
Heap after GC invocations=24 (full 3):
 PSYoungGen      total 156160K, used 24050K [0x00000000e0000000, 0x00000000ebb00000, 0x0000000100000000)
  eden space 132096K, 0% used [0x00000000e0000000,0x00000000e0000000,0x00000000e8100000)
  from space 24064K, 99% used [0x00000000e9100000,0x00000000ea87cb98,0x00000000ea880000)
  to   space 18944K, 0% used [0x00000000ea880000,0x00000000ea880000,0x00000000ebb00000)
 ParOldGen       total 140288K, used 46871K [0x00000000a0000000, 0x00000000a8900000, 0x00000000e0000000)
  object space 140288K, 33% used [0x00000000a0000000,0x00000000a2dc5e40,0x00000000a8900000)
 Metaspace       used 90667K, capacity 94730K, committed 94848K, reserved 1130496K
  class space    used 12099K, capacity 12874K, committed 12928K, reserved 1048576K
}
Event: 304.460 GC heap before
{Heap before GC invocations=25 (full 3):
 PSYoungGen      total 156160K, used 156146K [0x00000000e0000000, 0x00000000ebb00000, 0x0000000100000000)
  eden space 132096K, 100% used [0x00000000e0000000,0x00000000e8100000,0x00000000e8100000)
  from space 24064K, 99% used [0x00000000e9100000,0x00000000ea87cb98,0x00000000ea880000)
  to   space 18944K, 0% used [0x00000000ea880000,0x00000000ea880000,0x00000000ebb00000)
 ParOldGen       total 140288K, used 46871K [0x00000000a0000000, 0x00000000a8900000, 0x00000000e0000000)
  object space 140288K, 33% used [0x00000000a0000000,0x00000000a2dc5e40,0x00000000a8900000)
 Metaspace       used 92249K, capacity 96666K, committed 96896K, reserved 1132544K
  class space    used 12338K, capacity 13150K, committed 13184K, reserved 1048576K
Event: 304.475 GC heap after
Heap after GC invocations=25 (full 3):
 PSYoungGen      total 141824K, used 9822K [0x00000000e0000000, 0x00000000eb580000, 0x0000000100000000)
  eden space 128512K, 0% used [0x00000000e0000000,0x00000000e0000000,0x00000000e7d80000)
  from space 13312K, 73% used [0x00000000ea880000,0x00000000eb217970,0x00000000eb580000)
  to   space 28672K, 0% used [0x00000000e7d80000,0x00000000e7d80000,0x00000000e9980000)
 ParOldGen       total 140288K, used 55240K [0x00000000a0000000, 0x00000000a8900000, 0x00000000e0000000)
  object space 140288K, 39% used [0x00000000a0000000,0x00000000a35f2378,0x00000000a8900000)
 Metaspace       used 92249K, capacity 96666K, committed 96896K, reserved 1132544K
  class space    used 12338K, capacity 13150K, committed 13184K, reserved 1048576K
}
Event: 399.763 GC heap before
{Heap before GC invocations=26 (full 3):
 PSYoungGen      total 141824K, used 138334K [0x00000000e0000000, 0x00000000eb580000, 0x0000000100000000)
  eden space 128512K, 100% used [0x00000000e0000000,0x00000000e7d80000,0x00000000e7d80000)
  from space 13312K, 73% used [0x00000000ea880000,0x00000000eb217970,0x00000000eb580000)
  to   space 28672K, 0% used [0x00000000e7d80000,0x00000000e7d80000,0x00000000e9980000)
 ParOldGen       total 140288K, used 55240K [0x00000000a0000000, 0x00000000a8900000, 0x00000000e0000000)
  object space 140288K, 39% used [0x00000000a0000000,0x00000000a35f2378,0x00000000a8900000)
 Metaspace       used 92648K, capacity 97228K, committed 97536K, reserved 1134592K
  class space    used 12366K, capacity 13201K, committed 13312K, reserved 1048576K
Event: 399.774 GC heap after
Heap after GC invocations=26 (full 3):
 PSYoungGen      total 138240K, used 12536K [0x00000000e0000000, 0x00000000eaf80000, 0x0000000100000000)
  eden space 125440K, 0% used [0x00000000e0000000,0x00000000e0000000,0x00000000e7a80000)
  from space 12800K, 97% used [0x00000000e7d80000,0x00000000e89be0b0,0x00000000e8a00000)
  to   space 27136K, 0% used [0x00000000e9500000,0x00000000e9500000,0x00000000eaf80000)
 ParOldGen       total 140288K, used 55248K [0x00000000a0000000, 0x00000000a8900000, 0x00000000e0000000)
  object space 140288K, 39% used [0x00000000a0000000,0x00000000a35f4378,0x00000000a8900000)
 Metaspace       used 92648K, capacity 97228K, committed 97536K, reserved 1134592K
  class space    used 12366K, capacity 13201K, committed 13312K, reserved 1048576K
}

